Arguments: 
  C:\Program Files\nodejs\node.exe C:\Program Files (x86)\Yarn\bin\yarn.js

PATH: 
  C:\Program Files\Git\mingw64\bin;C:\Program Files\Git\usr\bin;C:\Users\DM\bin;C:\Users\DM\bin;C:\Program Files\Git\mingw64\bin;C:\Program Files\Git\usr\local\bin;C:\Program Files\Git\usr\bin;C:\Program Files\Git\usr\bin;C:\Program Files\Git\mingw64\bin;C:\Program Files\Git\usr\bin;C:\Users\DM\bin;C:\Program Files\Eclipse Adoptium\jdk-11.0.17.8-hotspot\bin;C:\Program Files\Common Files\Oracle\Java\javapath;C:\Python39\Scripts;C:\Python39;C:\WINDOWS\system32;C:\WINDOWS;C:\WINDOWS\System32\Wbem;C:\WINDOWS\System32\WindowsPowerShell\v1.0;C:\WINDOWS\System32\OpenSSH;C:\Program Files\Git\cmd;C:\Program Files (x86)\Yarn\bin;C:\texlive\2020\bin\win32;C:\ProgramData\chocolatey\bin;C:\tools\Manim\Scripts;C:\Program Files\MySQL\MySQL Server 8.0\bin;C:\Users\DM\AppData\Roaming\nvm;C:\Program Files\nodejs;C:\Users\DM\Downloads\Programs;C:\Users\DM\AppData\Local\Android\Sdk\platform-tools;C:\Users\DM\AppData\Local\Android\Sdk\tools;C:\Program Files\MySQL\MySQL Shell 8.0\bin;C:\Users\DM\AppData\Local\Microsoft\WindowsApps;C:\Users\DM\AppData\Local\Programs\Microsoft VS Code\bin;C:\Users\DM\AppData\Local\Yarn\bin;C:\src\flutter\bin;C:\Users\DM\AppData\Roaming\nvm;C:\Program Files\nodejs;C:\FFmpeg\bin;C:\Program Files\Git\usr\bin\vendor_perl;C:\Program Files\Git\usr\bin\core_perl

Yarn version: 
  1.22.5

Node version: 
  18.0.0

Platform: 
  win32 x64

Trace: 
  Error: ENOENT: no such file or directory, open 'C:\Users\DM\AppData\Local\Yarn\Cache\v6\npm-@typescript-eslint-eslint-plugin-5.56.0-e4fbb4d6dd8dab3e733485c1a44a02189ae75364-integrity\node_modules\@typescript-eslint\eslint-plugin\.yarn-tarball.tgz'

npm manifest: 
  {
    "name": "server",
    "version": "1.0.0",
    "description": "",
    "private": true,
    "scripts": {
      "build": "npx tsc",
      "start": "node build/index.js",
      "dev": "concurrently \"npx tsc --watch\" \"nodemon -q build/index.js\"",
      "lint": "eslint -c .eslintrc.js --ext .js,.ts .",
      "test": "echo \"Error: no test specified\" && exit 1"
    },
    "keywords": [],
    "author": "",
    "license": "ISC",
    "_moduleAliases": {
      "config": "build/config",
      "controllers": "build/controllers",
      "models": "build/models",
      "routes": "build/routes",
      "utils": "build/utils",
      "lib": "build/lib",
      "types": "build/types",
      "middleware": "build/middleware"
    },
    "dependencies": {
      "@types/bcryptjs": "^2.4.2",
      "@types/compression": "^1.7.2",
      "@types/express-serve-static-core": "^4.17.31",
      "@types/jsonwebtoken": "^8.5.9",
      "@types/passport": "^1.0.11",
      "@types/passport-jwt": "^3.0.7",
      "bcryptjs": "^2.4.3",
      "compression": "^1.7.4",
      "cors": "^2.8.5",
      "dayjs": "^1.11.6",
      "dotenv": "^16.0.3",
      "express": "^4.18.2",
      "helmet": "^6.0.1",
      "jsonwebtoken": "^8.5.1",
      "module-alias": "^2.2.2",
      "mongoose": "^6.6.5",
      "passport": "^0.6.0",
      "passport-jwt": "^4.0.0",
      "zod": "^3.19.1"
    },
    "devDependencies": {
      "@types/cors": "^2.8.12",
      "@types/express": "^4.17.14",
      "@types/node": "^18.11.0",
      "@typescript-eslint/eslint-plugin": "^5.40.0",
      "@typescript-eslint/parser": "^5.40.0",
      "concurrently": "^7.4.0",
      "eslint": "^8.25.0",
      "eslint-config-airbnb-base": "^15.0.0",
      "eslint-config-airbnb-typescript": "^17.0.0",
      "eslint-import-resolver-typescript": "^3.5.1",
      "eslint-plugin-import": "^2.26.0",
      "nodemon": "^2.0.20",
      "typescript": "^4.8.4"
    }
  }

yarn manifest: 
  No manifest

Lockfile: 
  No lockfile
